Arguments: 
  /home/vagrant/.nvm/versions/node/v8.9.4/bin/node /usr/share/yarn/bin/yarn.js list @types/restify

PATH: 
  /home/vagrant/.nvm/versions/node/v8.9.4/bin:/usr/local/sbin:/usr/local/bin:/usr/sbin:/usr/bin:/sbin:/bin:/usr/games:/usr/local/games:/usr/lib/jvm/java-8-oracle/bin:/usr/lib/jvm/java-8-oracle/db/bin:/usr/lib/jvm/java-8-oracle/jre/bin:/opt/puppetlabs/bin

Yarn version: 
  1.5.1

Node version: 
  8.9.4

Platform: 
  linux x64

npm manifest: 
  {
    "name": "probo-loom",
    "version": "2.0.1",
    "description": "A stream storage service that allows you to store a stream with some metadata, subscribe to streams, and load the contents of those streams later.",
    "main": "index.js",
    "author": "",
    "license": "Proprietary",
    "devDependencies": {
      "@types/mocha": "^2.2.48",
      "@types/node": "^8.9.4",
      "co-mocha": "^1.1.2",
      "eslint": "^1.10.3",
      "eslint-config-probo": "^1.0.2",
      "mocha": "^5.0.1",
      "supertest": "^1.1.0",
      "temp": "^0.8.3",
      "typescript": "^2.7.2"
    },
    "scripts": {
      "test": "./node_modules/.bin/mocha --inspect-brk=0.0.0.0:9229 -t 1000 --require ts-node/register --recursive test/auth.ts",
      "watch": "./node_modules/.bin/mocha -w -t 12000 --require ts-node/register --recursive test/*.ts",
      "_test": "./node_modules/.bin/mocha -w --no-timeouts --require ts-node/register --recursive test/*.ts",
      "start": "./bin/loom",
      "startdev": "nodemon --inspect=0.0.0.0:9229 --require ts-node/register/type-check ./bin/loom.ts | ./node_modules/.bin/bunyan #-o short",
      "spy": "curl --no-buffer localhost:3060/spy?color",
      "tsc": "tsc --watch"
    },
    "dependencies": {
      "@types/bl": "^0.8.31",
      "@types/chai": "^4.1.2",
      "@types/lodash": "^4.14.104",
      "@types/restify": "^4.3.0",
      "@types/through2": "^2.0.33",
      "@types/yargs": "^11.0.0",
      "bl": "^1.2.1",
      "bun": "0.0.11",
      "bunyan": "^1.4.0",
      "chai": "^4.1.2",
      "co": "^4.6.0",
      "colors": "^1.1.2",
      "lodash": "^3.10.1",
      "memorystream": "^0.3.1",
      "ms": "^0.7.1",
      "passport": "^0.2.2",
      "passport-http-bearer": "^1.0.1",
      "restify": "^4.0.0",
      "tailing-stream": "^0.2.0",
      "thinky": "^2.2.4",
      "through2": "^2.0.0",
      "ts-node": "^5.0.0",
      "yaml-config-loader": "^2.0.1",
      "yargs": "^3.31.0"
    }
  }

yarn manifest: 
  No manifest

Lockfile: 
  No lockfile

Trace: 
  Error: No lockfile in this directory. Run `yarn install` to generate one.
      at new MessageError (/usr/share/yarn/lib/cli.js:186:110)
      at /usr/share/yarn/lib/cli.js:89389:13
      at <anonymous>
